<?xml version="1.0" encoding="UTF-8"?>
<coverage generated="1697300670313" clover="3.2.0">
  <project timestamp="1697300670313" name="All files">
    <metrics statements="42" coveredstatements="20" conditionals="8" coveredconditionals="4" methods="11" coveredmethods="7" elements="61" coveredelements="31" complexity="0" loc="42" ncloc="42" packages="1" files="3" classes="3"/>
    <file name="decrypt.js" path="C:\Users\anast\OneDrive\Desktop\RSA_Algorithm\src\js\decrypt.js">
      <metrics statements="10" coveredstatements="1" conditionals="0" coveredconditionals="0" methods="4" coveredmethods="2"/>
      <line num="3" count="0" type="stmt"/>
      <line num="4" count="0" type="stmt"/>
      <line num="6" count="0" type="stmt"/>
      <line num="7" count="0" type="stmt"/>
      <line num="8" count="0" type="stmt"/>
      <line num="10" count="0" type="stmt"/>
      <line num="11" count="0" type="stmt"/>
      <line num="12" count="0" type="stmt"/>
      <line num="16" count="0" type="stmt"/>
      <line num="20" count="8" type="stmt"/>
    </file>
    <file name="encrypt.js" path="C:\Users\anast\OneDrive\Desktop\RSA_Algorithm\src\js\encrypt.js">
      <metrics statements="13" coveredstatements="12" conditionals="0" coveredconditionals="0" methods="3" coveredmethods="3"/>
      <line num="3" count="1" type="stmt"/>
      <line num="4" count="1" type="stmt"/>
      <line num="6" count="1" type="stmt"/>
      <line num="7" count="1" type="stmt"/>
      <line num="9" count="1" type="stmt"/>
      <line num="10" count="1" type="stmt"/>
      <line num="11" count="1" type="stmt"/>
      <line num="13" count="0" type="stmt"/>
      <line num="17" count="4" type="stmt"/>
      <line num="18" count="4" type="stmt"/>
      <line num="19" count="13" type="stmt"/>
      <line num="20" count="13" type="stmt"/>
      <line num="22" count="4" type="stmt"/>
    </file>
    <file name="generateKeys.js" path="C:\Users\anast\OneDrive\Desktop\RSA_Algorithm\src\js\generateKeys.js">
      <metrics statements="19" coveredstatements="7" conditionals="8" coveredconditionals="4" methods="4" coveredmethods="2"/>
      <line num="4" count="0" type="stmt"/>
      <line num="5" count="0" type="stmt"/>
      <line num="6" count="0" type="stmt"/>
      <line num="7" count="0" type="stmt"/>
      <line num="9" count="0" type="stmt"/>
      <line num="13" count="0" type="stmt"/>
      <line num="15" count="0" type="stmt"/>
      <line num="16" count="0" type="cond" truecount="0" falsecount="2"/>
      <line num="17" count="0" type="stmt"/>
      <line num="20" count="0" type="stmt"/>
      <line num="21" count="0" type="cond" truecount="0" falsecount="2"/>
      <line num="22" count="0" type="stmt"/>
      <line num="28" count="17" type="cond" truecount="2" falsecount="0"/>
      <line num="29" count="6" type="stmt"/>
      <line num="31" count="11" type="stmt"/>
      <line num="35" count="6" type="stmt"/>
      <line num="36" count="180" type="cond" truecount="2" falsecount="0"/>
      <line num="37" count="4" type="stmt"/>
      <line num="40" count="2" type="stmt"/>
    </file>
  </project>
</coverage>
