{"C:\\Users\\anast\\OneDrive\\Desktop\\RSA_Algorithm\\src\\js\\decrypt.js": {"path":"C:\\Users\\anast\\OneDrive\\Desktop\\RSA_Algorithm\\src\\js\\decrypt.js","statementMap":{"0":{"start":{"line":3,"column":24},"end":{"line":3,"column":34}},"1":{"start":{"line":4,"column":28},"end":{"line":4,"column":49}},"2":{"start":{"line":6,"column":20},"end":{"line":6,"column":29}},"3":{"start":{"line":7,"column":20},"end":{"line":7,"column":29}},"4":{"start":{"line":8,"column":20},"end":{"line":8,"column":29}},"5":{"start":{"line":10,"column":28},"end":{"line":13,"column":6}},"6":{"start":{"line":11,"column":31},"end":{"line":11,"column":84}},"7":{"start":{"line":12,"column":8},"end":{"line":12,"column":38}},"8":{"start":{"line":16,"column":4},"end":{"line":16,"column":27}},"9":{"start":{"line":20,"column":4},"end":{"line":20,"column":87}},"10":{"start":{"line":20,"column":43},"end":{"line":20,"column":76}}},"fnMap":{"0":{"name":"decrypt","decl":{"start":{"line":2,"column":16},"end":{"line":2,"column":23}},"loc":{"start":{"line":2,"column":48},"end":{"line":17,"column":1}},"line":2},"1":{"name":"(anonymous_1)","decl":{"start":{"line":10,"column":48},"end":{"line":10,"column":49}},"loc":{"start":{"line":10,"column":64},"end":{"line":13,"column":5}},"line":10},"2":{"name":"asciiValuesToString","decl":{"start":{"line":19,"column":16},"end":{"line":19,"column":35}},"loc":{"start":{"line":19,"column":49},"end":{"line":21,"column":1}},"line":19},"3":{"name":"(anonymous_3)","decl":{"start":{"line":20,"column":27},"end":{"line":20,"column":28}},"loc":{"start":{"line":20,"column":43},"end":{"line":20,"column":76}},"line":20}},"branchMap":{},"s":{"0":0,"1":0,"2":0,"3":0,"4":0,"5":0,"6":0,"7":0,"8":0,"9":3,"10":8},"f":{"0":0,"1":0,"2":3,"3":8},"b":{},"_coverageSchema":"1a1c01bbd47fc00a2c39e90264f33305004495a9","hash":"3738e49db4971e445961ce6b8932189086034ead"}
,"C:\\Users\\anast\\OneDrive\\Desktop\\RSA_Algorithm\\src\\js\\encrypt.js": {"path":"C:\\Users\\anast\\OneDrive\\Desktop\\RSA_Algorithm\\src\\js\\encrypt.js","statementMap":{"0":{"start":{"line":3,"column":21},"end":{"line":3,"column":30}},"1":{"start":{"line":4,"column":23},"end":{"line":4,"column":54}},"2":{"start":{"line":6,"column":20},"end":{"line":6,"column":29}},"3":{"start":{"line":7,"column":20},"end":{"line":7,"column":29}},"4":{"start":{"line":9,"column":28},"end":{"line":12,"column":6}},"5":{"start":{"line":10,"column":32},"end":{"line":10,"column":50}},"6":{"start":{"line":11,"column":8},"end":{"line":11,"column":65}},"7":{"start":{"line":13,"column":4},"end":{"line":13,"column":37}},"8":{"start":{"line":17,"column":23},"end":{"line":17,"column":25}},"9":{"start":{"line":18,"column":4},"end":{"line":21,"column":5}},"10":{"start":{"line":18,"column":17},"end":{"line":18,"column":18}},"11":{"start":{"line":19,"column":25},"end":{"line":19,"column":42}},"12":{"start":{"line":20,"column":6},"end":{"line":20,"column":34}},"13":{"start":{"line":22,"column":4},"end":{"line":22,"column":22}}},"fnMap":{"0":{"name":"encrypt","decl":{"start":{"line":2,"column":16},"end":{"line":2,"column":23}},"loc":{"start":{"line":2,"column":46},"end":{"line":14,"column":1}},"line":2},"1":{"name":"(anonymous_1)","decl":{"start":{"line":9,"column":43},"end":{"line":9,"column":44}},"loc":{"start":{"line":9,"column":57},"end":{"line":12,"column":5}},"line":9},"2":{"name":"stringToAsciiDecimal","decl":{"start":{"line":16,"column":16},"end":{"line":16,"column":36}},"loc":{"start":{"line":16,"column":42},"end":{"line":23,"column":1}},"line":16}},"branchMap":{},"s":{"0":1,"1":1,"2":1,"3":1,"4":1,"5":1,"6":1,"7":0,"8":4,"9":4,"10":4,"11":13,"12":13,"13":4},"f":{"0":1,"1":1,"2":4},"b":{},"_coverageSchema":"1a1c01bbd47fc00a2c39e90264f33305004495a9","hash":"85e6559cbdbcd07a77613e7ce3ecce87373034b9"}
,"C:\\Users\\anast\\OneDrive\\Desktop\\RSA_Algorithm\\src\\js\\generateKeys.js": {"path":"C:\\Users\\anast\\OneDrive\\Desktop\\RSA_Algorithm\\src\\js\\generateKeys.js","statementMap":{"0":{"start":{"line":4,"column":12},"end":{"line":4,"column":17}},"1":{"start":{"line":5,"column":14},"end":{"line":5,"column":31}},"2":{"start":{"line":6,"column":12},"end":{"line":6,"column":24}},"3":{"start":{"line":7,"column":12},"end":{"line":7,"column":30}},"4":{"start":{"line":9,"column":2},"end":{"line":9,"column":58}},"5":{"start":{"line":13,"column":22},"end":{"line":13,"column":43}},"6":{"start":{"line":15,"column":2},"end":{"line":19,"column":3}},"7":{"start":{"line":16,"column":4},"end":{"line":18,"column":5}},"8":{"start":{"line":17,"column":6},"end":{"line":17,"column":15}},"9":{"start":{"line":20,"column":2},"end":{"line":24,"column":3}},"10":{"start":{"line":20,"column":15},"end":{"line":20,"column":16}},"11":{"start":{"line":21,"column":4},"end":{"line":23,"column":5}},"12":{"start":{"line":22,"column":6},"end":{"line":22,"column":15}},"13":{"start":{"line":28,"column":2},"end":{"line":30,"column":3}},"14":{"start":{"line":29,"column":4},"end":{"line":29,"column":13}},"15":{"start":{"line":31,"column":2},"end":{"line":31,"column":23}},"16":{"start":{"line":35,"column":2},"end":{"line":39,"column":3}},"17":{"start":{"line":35,"column":15},"end":{"line":35,"column":16}},"18":{"start":{"line":36,"column":4},"end":{"line":38,"column":5}},"19":{"start":{"line":37,"column":6},"end":{"line":37,"column":15}},"20":{"start":{"line":40,"column":2},"end":{"line":40,"column":11}}},"fnMap":{"0":{"name":"generateKeys","decl":{"start":{"line":2,"column":16},"end":{"line":2,"column":28}},"loc":{"start":{"line":2,"column":35},"end":{"line":10,"column":1}},"line":2},"1":{"name":"chooseE","decl":{"start":{"line":12,"column":16},"end":{"line":12,"column":23}},"loc":{"start":{"line":12,"column":29},"end":{"line":25,"column":1}},"line":12},"2":{"name":"gcd","decl":{"start":{"line":27,"column":16},"end":{"line":27,"column":19}},"loc":{"start":{"line":27,"column":26},"end":{"line":32,"column":1}},"line":27},"3":{"name":"modInverse","decl":{"start":{"line":34,"column":16},"end":{"line":34,"column":26}},"loc":{"start":{"line":34,"column":35},"end":{"line":41,"column":1}},"line":34}},"branchMap":{"0":{"loc":{"start":{"line":16,"column":4},"end":{"line":18,"column":5}},"type":"if","locations":[{"start":{"line":16,"column":4},"end":{"line":18,"column":5}},{"start":{},"end":{}}],"line":16},"1":{"loc":{"start":{"line":21,"column":4},"end":{"line":23,"column":5}},"type":"if","locations":[{"start":{"line":21,"column":4},"end":{"line":23,"column":5}},{"start":{},"end":{}}],"line":21},"2":{"loc":{"start":{"line":28,"column":2},"end":{"line":30,"column":3}},"type":"if","locations":[{"start":{"line":28,"column":2},"end":{"line":30,"column":3}},{"start":{},"end":{}}],"line":28},"3":{"loc":{"start":{"line":36,"column":4},"end":{"line":38,"column":5}},"type":"if","locations":[{"start":{"line":36,"column":4},"end":{"line":38,"column":5}},{"start":{},"end":{}}],"line":36}},"s":{"0":0,"1":0,"2":0,"3":0,"4":0,"5":0,"6":0,"7":0,"8":0,"9":0,"10":0,"11":0,"12":0,"13":17,"14":6,"15":11,"16":6,"17":6,"18":180,"19":4,"20":2},"f":{"0":0,"1":0,"2":17,"3":6},"b":{"0":[0,0],"1":[0,0],"2":[6,11],"3":[4,176]},"_coverageSchema":"1a1c01bbd47fc00a2c39e90264f33305004495a9","hash":"d135c62c537002a3d3b6e40887853592eb7e79b5"}
}
