TN:
SF:src\js\decrypt.js
FN:2,decrypt
FN:10,(anonymous_1)
FN:19,asciiValuesToString
FN:20,(anonymous_3)
FNF:4
FNH:2
FNDA:0,decrypt
FNDA:0,(anonymous_1)
FNDA:3,asciiValuesToString
FNDA:8,(anonymous_3)
DA:3,0
DA:4,0
DA:6,0
DA:7,0
DA:8,0
DA:10,0
DA:11,0
DA:12,0
DA:16,0
DA:20,8
LF:10
LH:1
BRF:0
BRH:0
end_of_record
TN:
SF:src\js\encrypt.js
FN:2,encrypt
FN:9,(anonymous_1)
FN:16,stringToAsciiDecimal
FNF:3
FNH:3
FNDA:1,encrypt
FNDA:1,(anonymous_1)
FNDA:4,stringToAsciiDecimal
DA:3,1
DA:4,1
DA:6,1
DA:7,1
DA:9,1
DA:10,1
DA:11,1
DA:13,0
DA:17,4
DA:18,4
DA:19,13
DA:20,13
DA:22,4
LF:13
LH:12
BRF:0
BRH:0
end_of_record
TN:
SF:src\js\generateKeys.js
FN:2,generateKeys
FN:12,chooseE
FN:27,gcd
FN:34,modInverse
FNF:4
FNH:2
FNDA:0,generateKeys
FNDA:0,chooseE
FNDA:17,gcd
FNDA:6,modInverse
DA:4,0
DA:5,0
DA:6,0
DA:7,0
DA:9,0
DA:13,0
DA:15,0
DA:16,0
DA:17,0
DA:20,0
DA:21,0
DA:22,0
DA:28,17
DA:29,6
DA:31,11
DA:35,6
DA:36,180
DA:37,4
DA:40,2
LF:19
LH:7
BRDA:16,0,0,0
BRDA:16,0,1,0
BRDA:21,1,0,0
BRDA:21,1,1,0
BRDA:28,2,0,6
BRDA:28,2,1,11
BRDA:36,3,0,4
BRDA:36,3,1,176
BRF:8
BRH:4
end_of_record
